<?xml version="1.0" encoding="UTF-8"?>
<!DOCTYPE generatorConfiguration
        PUBLIC "-//mybatis.org//DTD MyBatis Generator Configuration 1.0//EN"
        "http://mybatis.org/dtd/mybatis-generator-config_1_0.dtd">

<generatorConfiguration>
    <classPathEntry
            location="C:\Users\cuishenzhen\Desktop\mybatis\mysql-connector-java-5.1.30.jar"/>

    <context id="MySqlTables" targetRuntime="MyBatis3">
    <property name="javaFileEncoding" value="UTF-8"/>
    <plugin type="org.asia.mybatis.generator.plugins.PaginationPlugin" />
    <plugin type="org.asia.mybatis.generator.plugins.BatchInsertPlugin" />
    <plugin type="org.asia.mybatis.generator.plugins.BatchUpdatePlugin" />
    <plugin type="org.asia.mybatis.generator.plugins.SerializablePlugin" />
    <!-- 生成一对一配置 -->
    <plugin type="org.asia.mybatis.generator.plugins.OneToOnePlugin"></plugin>
    <!-- 生成一对多配置 -->
    <!--<plugin type="cc.bandaotixi.plugins.OneToManyPlugin"></plugin>-->
    <!--<plugin type="cc.bandaotixi.plugins.BatchInsertPlugin"></plugin>-->
    <!--<plugin type="cc.bandaotixi.plugins.BatchUpdatePlugin"></plugin>-->

    <!--<commentGenerator >-->
    <!--<property name="suppressDate" value="true"/>-->
    <!--</commentGenerator>-->

    <commentGenerator type="org.asia.mybatis.generator.plugins.BDTCommentGenerator">
        <property name="javaFileEncoding" value="UTF-8"/>
        <property name="suppressDate" value="true"/>
        <property name="suppressAllComments" value="false" />
    </commentGenerator>


	<!-- 数据库链接 自己根据环境配置 -->
     <jdbcConnection driverClass="com.mysql.jdbc.Driver"
                     connectionURL="jdbc:mysql://10.32.2.209:3306/oneportal_dongxu" userId="root" password="root"/>

    
    <javaTypeResolver type="test.MyJavaTypeResolverDefaultImpl">
			<property name="forceBigDecimals" value="false" />
		</javaTypeResolver>
     <!--<javaTypeResolver>-->
			<!--<property name="forceBigDecimals" value="false" />-->
		<!--</javaTypeResolver>-->

  
	<!-- model生成  targetPackage为生成的包名  targetProject为文件所生成的目录-->
    <javaModelGenerator targetPackage="entity" targetProject="C:\code\mycode\mybatis-generator-master\src\main\java">
        <property name="enableSubPackages" value="true" />
        <property name="trimStrings" value="true" />
    </javaModelGenerator>

	<!-- mapperXML配置文件生成 -->
    <sqlMapGenerator targetPackage="mapper" targetProject="C:\code\mycode\mybatis-generator-master\src\main\java">
        <property name="enableSubPackages" value="true" />
    </sqlMapGenerator>

   <!-- mapper接口生成 -->
    <javaClientGenerator type="XMLMAPPER" targetPackage="mapper"  targetProject="C:\code\mycode\mybatis-generator-master\src\main\java">
        <property name="enableSubPackages" value="true" />
    </javaClientGenerator>


	<!-- 配置要生成mybatis 相关对象的表 -->
    <table schema="root" tableName="formtable_main_212" domainObjectName="FormDemo" >
        <property name="useActualColumnNames" value="false"/>
        <generatedKey column="ID" sqlStatement="MySql" identity="true" />
    </table>
      

</context>
</generatorConfiguration>